This file contains any messages produced by compilers while
running configure, to aid debugging if configure makes a mistake.

It was created by stellar-core configure 0.1, which was
generated by GNU Autoconf 2.69.  Invocation command line was

  $ ./configure 

## --------- ##
## Platform. ##
## --------- ##

hostname = exceltior.local
uname -m = x86_64
uname -r = 17.4.0
uname -s = Darwin
uname -v = Darwin Kernel Version 17.4.0: Sun Dec 17 09:19:54 PST 2017; root:xnu-4570.41.2~1/RELEASE_X86_64

/usr/bin/uname -p = i386
/bin/uname -X     = unknown

/bin/arch              = unknown
/usr/bin/arch -k       = unknown
/usr/convex/getsysinfo = unknown
/usr/bin/hostinfo      = Mach kernel version:
	 Darwin Kernel Version 17.4.0: Sun Dec 17 09:19:54 PST 2017; root:xnu-4570.41.2~1/RELEASE_X86_64
Kernel configured for up to 4 processors.
2 processors are physically available.
4 processors are logically available.
Processor type: i486 (Intel 80486)
Processors active: 0 1 2 3
Primary memory available: 16.00 gigabytes
Default processor set: 415 tasks, 2257 threads, 4 processors
Load average: 2.58, Mach factor: 1.42
/bin/machine           = unknown
/usr/bin/oslevel       = unknown
/bin/universe          = unknown

PATH: /usr/bin
PATH: /bin
PATH: /usr/sbin
PATH: /sbin
PATH: /usr/local/bin


## ----------- ##
## Core tests. ##
## ----------- ##

configure:2402: checking for a BSD-compatible install
configure:2470: result: /usr/bin/install -c
configure:2481: checking whether build environment is sane
configure:2536: result: yes
configure:2687: checking for a thread-safe mkdir -p
configure:2726: result: ./install-sh -c -d
configure:2733: checking for gawk
configure:2763: result: no
configure:2733: checking for mawk
configure:2763: result: no
configure:2733: checking for nawk
configure:2763: result: no
configure:2733: checking for awk
configure:2749: found /usr/bin/awk
configure:2760: result: awk
configure:2771: checking whether make sets $(MAKE)
configure:2793: result: yes
configure:2822: checking whether make supports nested variables
configure:2839: result: yes
configure:2928: checking whether UID '501' is supported by ustar format
configure:2931: result: yes
configure:2938: checking whether GID '20' is supported by ustar format
configure:2941: result: yes
configure:2949: checking how to create a ustar tar archive
configure:2960: tar --version
bsdtar 2.8.3 - libarchive 2.8.3
configure:2963: $? = 0
configure:3003: tardir=conftest.dir && eval tar --format=ustar -chf - "$tardir" >conftest.tar
configure:3006: $? = 0
configure:3010: tar -xf - <conftest.tar
configure:3013: $? = 0
configure:3015: cat conftest.dir/file
GrepMe
configure:3018: $? = 0
configure:3031: result: gnutar
configure:3158: checking for clang
configure:3174: found /usr/bin/clang
configure:3185: result: clang
configure:3216: checking for C compiler version
configure:3225: clang --version >&5
Apple LLVM version 9.0.0 (clang-900.0.39.2)
Target: x86_64-apple-darwin17.4.0
Thread model: posix
InstalledDir: /Library/Developer/CommandLineTools/usr/bin
configure:3236: $? = 0
configure:3225: clang -v >&5
Apple LLVM version 9.0.0 (clang-900.0.39.2)
Target: x86_64-apple-darwin17.4.0
Thread model: posix
InstalledDir: /Library/Developer/CommandLineTools/usr/bin
configure:3236: $? = 0
configure:3225: clang -V >&5
clang: error: argument to '-V' is missing (expected 1 value)
clang: error: no input files
configure:3236: $? = 1
configure:3225: clang -qversion >&5
clang: error: unknown argument: '-qversion'
clang: error: no input files
configure:3236: $? = 1
configure:3256: checking whether the C compiler works
configure:3278: clang -g -O2   conftest.c  >&5
configure:3282: $? = 0
configure:3330: result: yes
configure:3333: checking for C compiler default output file name
configure:3335: result: a.out
configure:3341: checking for suffix of executables
configure:3348: clang -o conftest -g -O2   conftest.c  >&5
configure:3352: $? = 0
configure:3374: result: 
configure:3396: checking whether we are cross compiling
configure:3404: clang -o conftest -g -O2   conftest.c  >&5
configure:3408: $? = 0
configure:3415: ./conftest
configure:3419: $? = 0
configure:3434: result: no
configure:3439: checking for suffix of object files
configure:3461: clang -c -g -O2  conftest.c >&5
configure:3465: $? = 0
configure:3486: result: o
configure:3490: checking whether we are using the GNU C compiler
configure:3509: clang -c -g -O2  conftest.c >&5
configure:3509: $? = 0
configure:3518: result: yes
configure:3527: checking whether clang accepts -g
configure:3547: clang -c -g  conftest.c >&5
configure:3547: $? = 0
configure:3588: result: yes
configure:3605: checking for clang option to accept ISO C89
configure:3668: clang  -c -g -O2  conftest.c >&5
configure:3668: $? = 0
configure:3681: result: none needed
configure:3706: checking whether clang understands -c and -o together
configure:3728: clang -c conftest.c -o conftest2.o
configure:3731: $? = 0
configure:3728: clang -c conftest.c -o conftest2.o
configure:3731: $? = 0
configure:3743: result: yes
configure:3771: checking for style of include used by make
configure:3799: result: GNU
configure:3825: checking dependency style of clang
configure:3936: result: gcc3
configure:4009: checking for clang++
configure:4025: found /usr/bin/clang++
configure:4036: result: clang++
configure:4063: checking for C++ compiler version
configure:4072: clang++ --version >&5
Apple LLVM version 9.0.0 (clang-900.0.39.2)
Target: x86_64-apple-darwin17.4.0
Thread model: posix
InstalledDir: /Library/Developer/CommandLineTools/usr/bin
configure:4083: $? = 0
configure:4072: clang++ -v >&5
Apple LLVM version 9.0.0 (clang-900.0.39.2)
Target: x86_64-apple-darwin17.4.0
Thread model: posix
InstalledDir: /Library/Developer/CommandLineTools/usr/bin
configure:4083: $? = 0
configure:4072: clang++ -V >&5
clang: error: argument to '-V' is missing (expected 1 value)
clang: error: no input files
configure:4083: $? = 1
configure:4072: clang++ -qversion >&5
clang: error: unknown argument: '-qversion'
clang: error: no input files
configure:4083: $? = 1
configure:4087: checking whether we are using the GNU C++ compiler
configure:4106: clang++ -c -g -O2  conftest.cpp >&5
configure:4106: $? = 0
configure:4115: result: yes
configure:4124: checking whether clang++ accepts -g
configure:4144: clang++ -c -g  conftest.cpp >&5
configure:4144: $? = 0
configure:4185: result: yes
configure:4210: checking dependency style of clang++
configure:4321: result: gcc3
configure:4386: checking for ar
configure:4402: found /usr/bin/ar
configure:4413: result: ar
configure:4439: checking the archiver (ar) interface
configure:4455: clang -c -g -O2  conftest.c >&5
configure:4455: $? = 0
configure:4457: ar cru libconftest.a conftest.o >&5
configure:4460: $? = 0
configure:4488: result: ar
configure:4539: checking build system type
configure:4553: result: x86_64-apple-darwin17.4.0
configure:4573: checking host system type
configure:4586: result: x86_64-apple-darwin17.4.0
configure:4627: checking how to print strings
configure:4654: result: printf
configure:4675: checking for a sed that does not truncate output
configure:4739: result: /usr/bin/sed
configure:4757: checking for grep that handles long lines and -e
configure:4815: result: /usr/bin/grep
configure:4820: checking for egrep
configure:4882: result: /usr/bin/grep -E
configure:4887: checking for fgrep
configure:4949: result: /usr/bin/grep -F
configure:4984: checking for ld used by clang
configure:5051: result: /Library/Developer/CommandLineTools/usr/bin/ld
configure:5058: checking if the linker (/Library/Developer/CommandLineTools/usr/bin/ld) is GNU ld
configure:5073: result: no
configure:5085: checking for BSD- or MS-compatible name lister (nm)
configure:5139: result: /usr/bin/nm -B
configure:5269: checking the name lister (/usr/bin/nm -B) interface
configure:5276: clang -c -g -O2  conftest.c >&5
configure:5279: /usr/bin/nm -B "conftest.o"
configure:5282: output
00000000000001cc S _some_variable
configure:5289: result: BSD nm
configure:5292: checking whether ln -s works
configure:5296: result: yes
configure:5304: checking the maximum length of command line arguments
configure:5435: result: 196608
configure:5483: checking how to convert x86_64-apple-darwin17.4.0 file names to x86_64-apple-darwin17.4.0 format
configure:5523: result: func_convert_file_noop
configure:5530: checking how to convert x86_64-apple-darwin17.4.0 file names to toolchain format
configure:5550: result: func_convert_file_noop
configure:5557: checking for /Library/Developer/CommandLineTools/usr/bin/ld option to reload object files
configure:5564: result: -r
configure:5638: checking for objdump
configure:5654: found /usr/bin/objdump
configure:5665: result: objdump
configure:5697: checking how to recognize dependent libraries
configure:5897: result: pass_all
configure:5982: checking for dlltool
configure:6012: result: no
configure:6042: checking how to associate runtime and link libraries
configure:6069: result: printf %s\n
configure:6193: checking for archiver @FILE support
configure:6210: clang -c -g -O2  conftest.c >&5
configure:6210: $? = 0
configure:6213: ar cru libconftest.a @conftest.lst >&5
ar: @conftest.lst: No such file or directory
configure:6216: $? = 1
configure:6236: result: no
configure:6294: checking for strip
configure:6310: found /usr/bin/strip
configure:6321: result: strip
configure:6393: checking for ranlib
configure:6409: found /usr/bin/ranlib
configure:6420: result: ranlib
configure:6522: checking command to parse /usr/bin/nm -B output from clang object
configure:6675: clang -c -g -O2  conftest.c >&5
configure:6678: $? = 0
configure:6682: /usr/bin/nm -B conftest.o \| sed -n -e 's/^.*[ ]\([BCDEGRST][BCDEGRST]*\)[ ][ ]*\([_A-Za-z][_A-Za-z0-9]*\)$/\1 \2 \2/p' | sed '/ __gnu_lto/d' \> conftest.nm
configure:6685: $? = 0
cannot find nm_test_var in conftest.nm
configure:6675: clang -c -g -O2  conftest.c >&5
configure:6678: $? = 0
configure:6682: /usr/bin/nm -B conftest.o \| sed -n -e 's/^.*[ ]\([BCDEGRST][BCDEGRST]*\)[ ][ ]*_\([_A-Za-z][_A-Za-z0-9]*\)$/\1 _\2 \2/p' | sed '/ __gnu_lto/d' \> conftest.nm
configure:6685: $? = 0
configure:6751: clang -o conftest -g -O2   conftest.c conftstm.o >&5
warning: (x86_64)  could not find object file symbol for symbol _main
configure:6754: $? = 0
configure:6792: result: ok
configure:6839: checking for sysroot
configure:6869: result: no
configure:6876: checking for a working dd
configure:6914: result: /bin/dd
configure:6918: checking how to truncate binary pipes
configure:6933: result: /bin/dd bs=4096 count=1
configure:7262: checking for mt
configure:7292: result: no
configure:7312: checking if : is a manifest tool
configure:7318: : '-?'
configure:7326: result: no
configure:7382: checking for dsymutil
configure:7398: found /usr/bin/dsymutil
configure:7409: result: dsymutil
configure:7474: checking for nmedit
configure:7490: found /usr/bin/nmedit
configure:7501: result: nmedit
configure:7566: checking for lipo
configure:7582: found /usr/bin/lipo
configure:7593: result: lipo
configure:7658: checking for otool
configure:7674: found /usr/bin/otool
configure:7685: result: otool
configure:7750: checking for otool64
configure:7780: result: no
configure:7825: checking for -single_module linker flag
clang -g -O2  -o libconftest.dylib -dynamiclib -Wl,-single_module conftest.c
configure:7858: result: yes
configure:7861: checking for -exported_symbols_list linker flag
configure:7881: clang -o conftest -g -O2   -Wl,-exported_symbols_list,conftest.sym conftest.c  >&5
configure:7881: $? = 0
configure:7891: result: yes
configure:7894: checking for -force_load linker flag
clang -g -O2 -c -o conftest.o conftest.c
ar cru libconftest.a conftest.o
ranlib libconftest.a
clang -g -O2  -o conftest conftest.c -Wl,-force_load,./libconftest.a
configure:7926: result: yes
configure:8003: checking how to run the C preprocessor
configure:8034: clang -E  conftest.c
configure:8034: $? = 0
configure:8048: clang -E  conftest.c
conftest.c:11:10: fatal error: 'ac_nonexistent.h' file not found
#include <ac_nonexistent.h>
         ^~~~~~~~~~~~~~~~~~
1 error generated.
configure:8048: $? = 1
configure: failed program was:
| /* confdefs.h */
| #define PACKAGE_NAME "stellar-core"
| #define PACKAGE_TARNAME "stellar-core"
| #define PACKAGE_VERSION "0.1"
| #define PACKAGE_STRING "stellar-core 0.1"
| #define PACKAGE_BUGREPORT ""
| #define PACKAGE_URL "http://www.stellar.org"
| #define PACKAGE "stellar-core"
| #define VERSION "0.1"
| /* end confdefs.h.  */
| #include <ac_nonexistent.h>
configure:8073: result: clang -E
configure:8093: clang -E  conftest.c
configure:8093: $? = 0
configure:8107: clang -E  conftest.c
conftest.c:11:10: fatal error: 'ac_nonexistent.h' file not found
#include <ac_nonexistent.h>
         ^~~~~~~~~~~~~~~~~~
1 error generated.
configure:8107: $? = 1
configure: failed program was:
| /* confdefs.h */
| #define PACKAGE_NAME "stellar-core"
| #define PACKAGE_TARNAME "stellar-core"
| #define PACKAGE_VERSION "0.1"
| #define PACKAGE_STRING "stellar-core 0.1"
| #define PACKAGE_BUGREPORT ""
| #define PACKAGE_URL "http://www.stellar.org"
| #define PACKAGE "stellar-core"
| #define VERSION "0.1"
| /* end confdefs.h.  */
| #include <ac_nonexistent.h>
configure:8136: checking for ANSI C header files
configure:8156: clang -c -g -O2  conftest.c >&5
configure:8156: $? = 0
configure:8229: clang -o conftest -g -O2   conftest.c  >&5
configure:8229: $? = 0
configure:8229: ./conftest
configure:8229: $? = 0
configure:8240: result: yes
configure:8253: checking for sys/types.h
configure:8253: clang -c -g -O2  conftest.c >&5
configure:8253: $? = 0
configure:8253: result: yes
configure:8253: checking for sys/stat.h
configure:8253: clang -c -g -O2  conftest.c >&5
configure:8253: $? = 0
configure:8253: result: yes
configure:8253: checking for stdlib.h
configure:8253: clang -c -g -O2  conftest.c >&5
configure:8253: $? = 0
configure:8253: result: yes
configure:8253: checking for string.h
configure:8253: clang -c -g -O2  conftest.c >&5
configure:8253: $? = 0
configure:8253: result: yes
configure:8253: checking for memory.h
configure:8253: clang -c -g -O2  conftest.c >&5
configure:8253: $? = 0
configure:8253: result: yes
configure:8253: checking for strings.h
configure:8253: clang -c -g -O2  conftest.c >&5
configure:8253: $? = 0
configure:8253: result: yes
configure:8253: checking for inttypes.h
configure:8253: clang -c -g -O2  conftest.c >&5
configure:8253: $? = 0
configure:8253: result: yes
configure:8253: checking for stdint.h
configure:8253: clang -c -g -O2  conftest.c >&5
configure:8253: $? = 0
configure:8253: result: yes
configure:8253: checking for unistd.h
configure:8253: clang -c -g -O2  conftest.c >&5
configure:8253: $? = 0
configure:8253: result: yes
configure:8267: checking for dlfcn.h
configure:8267: clang -c -g -O2  conftest.c >&5
configure:8267: $? = 0
configure:8267: result: yes
configure:8533: checking for objdir
configure:8548: result: .libs
configure:8812: checking if clang supports -fno-rtti -fno-exceptions
configure:8830: clang -c -g -O2  -fno-rtti -fno-exceptions conftest.c >&5
configure:8834: $? = 0
configure:8847: result: yes
configure:9205: checking for clang option to produce PIC
configure:9212: result: -fno-common -DPIC
configure:9220: checking if clang PIC flag -fno-common -DPIC works
configure:9238: clang -c -g -O2  -fno-common -DPIC -DPIC conftest.c >&5
configure:9242: $? = 0
configure:9255: result: yes
configure:9284: checking if clang static flag -static works
configure:9312: result: no
configure:9327: checking if clang supports -c -o file.o
configure:9348: clang -c -g -O2  -o out/conftest2.o conftest.c >&5
configure:9352: $? = 0
configure:9374: result: yes
configure:9382: checking if clang supports -c -o file.o
configure:9429: result: yes
configure:9462: checking whether the clang linker (/Library/Developer/CommandLineTools/usr/bin/ld) supports shared libraries
configure:10721: result: yes
configure:10961: checking dynamic linker characteristics
configure:11779: result: darwin17.4.0 dyld
configure:11901: checking how to hardcode library paths into programs
configure:11926: result: immediate
configure:12474: checking whether stripping libraries is possible
configure:12488: result: yes
configure:12514: checking if libtool supports shared libraries
configure:12516: result: yes
configure:12519: checking whether to build shared libraries
configure:12544: result: no
configure:12547: checking whether to build static libraries
configure:12551: result: yes
configure:12574: checking how to run the C++ preprocessor
configure:12601: clang++ -E  conftest.cpp
configure:12601: $? = 0
configure:12615: clang++ -E  conftest.cpp
conftest.cpp:23:10: fatal error: 'ac_nonexistent.h' file not found
#include <ac_nonexistent.h>
         ^~~~~~~~~~~~~~~~~~
1 error generated.
configure:12615: $? = 1
configure: failed program was:
| /* confdefs.h */
| #define PACKAGE_NAME "stellar-core"
| #define PACKAGE_TARNAME "stellar-core"
| #define PACKAGE_VERSION "0.1"
| #define PACKAGE_STRING "stellar-core 0.1"
| #define PACKAGE_BUGREPORT ""
| #define PACKAGE_URL "http://www.stellar.org"
| #define PACKAGE "stellar-core"
| #define VERSION "0.1"
| #define STDC_HEADERS 1
| #define HAVE_SYS_TYPES_H 1
| #define HAVE_SYS_STAT_H 1
| #define HAVE_STDLIB_H 1
| #define HAVE_STRING_H 1
| #define HAVE_MEMORY_H 1
| #define HAVE_STRINGS_H 1
| #define HAVE_INTTYPES_H 1
| #define HAVE_STDINT_H 1
| #define HAVE_UNISTD_H 1
| #define HAVE_DLFCN_H 1
| #define LT_OBJDIR ".libs/"
| /* end confdefs.h.  */
| #include <ac_nonexistent.h>
configure:12640: result: clang++ -E
configure:12660: clang++ -E  conftest.cpp
configure:12660: $? = 0
configure:12674: clang++ -E  conftest.cpp
conftest.cpp:23:10: fatal error: 'ac_nonexistent.h' file not found
#include <ac_nonexistent.h>
         ^~~~~~~~~~~~~~~~~~
1 error generated.
configure:12674: $? = 1
configure: failed program was:
| /* confdefs.h */
| #define PACKAGE_NAME "stellar-core"
| #define PACKAGE_TARNAME "stellar-core"
| #define PACKAGE_VERSION "0.1"
| #define PACKAGE_STRING "stellar-core 0.1"
| #define PACKAGE_BUGREPORT ""
| #define PACKAGE_URL "http://www.stellar.org"
| #define PACKAGE "stellar-core"
| #define VERSION "0.1"
| #define STDC_HEADERS 1
| #define HAVE_SYS_TYPES_H 1
| #define HAVE_SYS_STAT_H 1
| #define HAVE_STDLIB_H 1
| #define HAVE_STRING_H 1
| #define HAVE_MEMORY_H 1
| #define HAVE_STRINGS_H 1
| #define HAVE_INTTYPES_H 1
| #define HAVE_STDINT_H 1
| #define HAVE_UNISTD_H 1
| #define HAVE_DLFCN_H 1
| #define LT_OBJDIR ".libs/"
| /* end confdefs.h.  */
| #include <ac_nonexistent.h>
configure:12836: checking for ld used by clang++
configure:12903: result: /Library/Developer/CommandLineTools/usr/bin/ld
configure:12910: checking if the linker (/Library/Developer/CommandLineTools/usr/bin/ld) is GNU ld
configure:12925: result: no
configure:12980: checking whether the clang++ linker (/Library/Developer/CommandLineTools/usr/bin/ld) supports shared libraries
configure:14053: result: yes
configure:14089: clang++ -c -g -O2  conftest.cpp >&5
configure:14092: $? = 0
configure:14573: checking for clang++ option to produce PIC
configure:14580: result: -fno-common -DPIC
configure:14588: checking if clang++ PIC flag -fno-common -DPIC works
configure:14606: clang++ -c -g -O2  -fno-common -DPIC -DPIC conftest.cpp >&5
configure:14610: $? = 0
configure:14623: result: yes
configure:14646: checking if clang++ static flag -static works
configure:14674: result: no
configure:14686: checking if clang++ supports -c -o file.o
configure:14707: clang++ -c -g -O2  -o out/conftest2.o conftest.cpp >&5
configure:14711: $? = 0
configure:14733: result: yes
configure:14738: checking if clang++ supports -c -o file.o
configure:14785: result: yes
configure:14815: checking whether the clang++ linker (/Library/Developer/CommandLineTools/usr/bin/ld) supports shared libraries
configure:14855: result: yes
configure:14996: checking dynamic linker characteristics
configure:15741: result: darwin17.4.0 dyld
configure:15806: checking how to hardcode library paths into programs
configure:15831: result: immediate
configure:15907: checking whether clang++ supports C++11 features by default
configure:15933: clang++ -c -g -O2  conftest.cpp >&5
conftest.cpp:27:21: error: expected parameter declarator
      static_assert(sizeof(int) <= sizeof(T), "not big enough");
                    ^
conftest.cpp:27:21: error: expected ')'
conftest.cpp:27:20: note: to match this '('
      static_assert(sizeof(int) <= sizeof(T), "not big enough");
                   ^
conftest.cpp:27:7: error: C++ requires a type specifier for all declarations
      static_assert(sizeof(int) <= sizeof(T), "not big enough");
      ^
conftest.cpp:30:29: error: a space is required between consecutive right angle brackets (use '> >')
    typedef check<check<bool>> right_angle_brackets;
                            ^~
                            > >
conftest.cpp:33:5: error: unknown type name 'decltype'
    decltype(a) b;
    ^
conftest.cpp:33:16: error: expected ';' after top level declarator
    decltype(a) b;
               ^
               ;
conftest.cpp:37:15: warning: rvalue references are a C++11 extension [-Wc++11-extensions]
    check_type&& cr = static_cast<check_type&&>(c);
              ^
conftest.cpp:37:45: warning: rvalue references are a C++11 extension [-Wc++11-extensions]
    check_type&& cr = static_cast<check_type&&>(c);
                                            ^
conftest.cpp:39:5: warning: 'auto' type specifier is a C++11 extension [-Wc++11-extensions]
    auto d = a;
    ^
3 warnings and 6 errors generated.
configure:15933: $? = 1
configure: failed program was:
| /* confdefs.h */
| #define PACKAGE_NAME "stellar-core"
| #define PACKAGE_TARNAME "stellar-core"
| #define PACKAGE_VERSION "0.1"
| #define PACKAGE_STRING "stellar-core 0.1"
| #define PACKAGE_BUGREPORT ""
| #define PACKAGE_URL "http://www.stellar.org"
| #define PACKAGE "stellar-core"
| #define VERSION "0.1"
| #define STDC_HEADERS 1
| #define HAVE_SYS_TYPES_H 1
| #define HAVE_SYS_STAT_H 1
| #define HAVE_STDLIB_H 1
| #define HAVE_STRING_H 1
| #define HAVE_MEMORY_H 1
| #define HAVE_STRINGS_H 1
| #define HAVE_INTTYPES_H 1
| #define HAVE_STDINT_H 1
| #define HAVE_UNISTD_H 1
| #define HAVE_DLFCN_H 1
| #define LT_OBJDIR ".libs/"
| /* end confdefs.h.  */
| 
|   template <typename T>
|     struct check
|     {
|       static_assert(sizeof(int) <= sizeof(T), "not big enough");
|     };
| 
|     typedef check<check<bool>> right_angle_brackets;
| 
|     int a;
|     decltype(a) b;
| 
|     typedef check<int> check_type;
|     check_type c;
|     check_type&& cr = static_cast<check_type&&>(c);
| 
|     auto d = a;
| 
configure:15940: result: no
configure:15951: checking whether clang++ supports C++11 features with -std=c++11
configure:15979: clang++ -c -g -O2 -std=c++11  conftest.cpp >&5
configure:15979: $? = 0
configure:15988: result: yes
configure:16032: checking for clang >= 3.5
configure:16053: clang++ -c -g -O2 -std=c++11  conftest.cpp >&5
configure:16053: $? = 0
configure:16054: result: yes
configure:16093: checking for a sufficiently-new libstdc++
configure:16117: clang++ -c -g -O2 -std=c++11  conftest.cpp >&5
configure:16117: $? = 0
configure:16118: result: yes
configure:16133: checking whether C++ compiler accepts 
configure:16152: clang++ -c -g -O2 -std=c++11    conftest.cpp >&5
configure:16152: $? = 0
configure:16160: result: yes
configure:16178: : CXXFLAGS="$CXXFLAGS "
configure:16181: $? = 0
configure:16194: checking whether C++ compiler accepts -pthread
configure:16213: clang++ -c -g -O2 -std=c++11   -pthread  conftest.cpp >&5
configure:16213: $? = 0
configure:16222: result: yes
configure:16235: : CXXFLAGS="$CXXFLAGS $flag"
configure:16238: $? = 0
configure:16311: checking whether C++ compiler accepts -Wall
configure:16330: clang++ -c -g -O2 -std=c++11  -pthread  -Wall  conftest.cpp >&5
configure:16330: $? = 0
configure:16339: result: yes
configure:16352: : CXXFLAGS="$CXXFLAGS $flag"
configure:16355: $? = 0
configure:16311: checking whether C++ compiler accepts -Wno-unused-command-line-argument
configure:16330: clang++ -c -g -O2 -std=c++11  -pthread -Wall  -Wno-unused-command-line-argument  conftest.cpp >&5
configure:16330: $? = 0
configure:16339: result: yes
configure:16352: : CXXFLAGS="$CXXFLAGS $flag"
configure:16355: $? = 0
configure:16311: checking whether C++ compiler accepts -Qunused-arguments
configure:16330: clang++ -c -g -O2 -std=c++11  -pthread -Wall -Wno-unused-command-line-argument  -Qunused-arguments  conftest.cpp >&5
configure:16330: $? = 0
configure:16339: result: yes
configure:16352: : CXXFLAGS="$CXXFLAGS $flag"
configure:16355: $? = 0
configure:16311: checking whether C++ compiler accepts -Wno-unused-local-typedef
configure:16330: clang++ -c -g -O2 -std=c++11  -pthread -Wall -Wno-unused-command-line-argument -Qunused-arguments  -Wno-unused-local-typedef  conftest.cpp >&5
configure:16330: $? = 0
configure:16339: result: yes
configure:16352: : CXXFLAGS="$CXXFLAGS $flag"
configure:16355: $? = 0
configure:16311: checking whether C++ compiler accepts -Wno-unknown-warning-option
configure:16330: clang++ -c -g -O2 -std=c++11  -pthread -Wall -Wno-unused-command-line-argument -Qunused-arguments -Wno-unused-local-typedef  -Wno-unknown-warning-option  conftest.cpp >&5
configure:16330: $? = 0
configure:16339: result: yes
configure:16352: : CXXFLAGS="$CXXFLAGS $flag"
configure:16355: $? = 0
configure:16311: checking whether C++ compiler accepts -Werror=unused-result
configure:16330: clang++ -c -g -O2 -std=c++11  -pthread -Wall -Wno-unused-command-line-argument -Qunused-arguments -Wno-unused-local-typedef -Wno-unknown-warning-option  -Werror=unused-result  conftest.cpp >&5
configure:16330: $? = 0
configure:16339: result: yes
configure:16352: : CXXFLAGS="$CXXFLAGS $flag"
configure:16355: $? = 0
configure:16380: checking whether C compiler accepts -Wall
configure:16399: clang -c -g -O2  -Wall  conftest.c >&5
configure:16399: $? = 0
configure:16408: result: yes
configure:16421: : CFLAGS="$CFLAGS $flag"
configure:16424: $? = 0
configure:16380: checking whether C compiler accepts -Wno-unused-command-line-argument
configure:16399: clang -c -g -O2 -Wall  -Wno-unused-command-line-argument  conftest.c >&5
configure:16399: $? = 0
configure:16408: result: yes
configure:16421: : CFLAGS="$CFLAGS $flag"
configure:16424: $? = 0
configure:16380: checking whether C compiler accepts -Qunused-arguments
configure:16399: clang -c -g -O2 -Wall -Wno-unused-command-line-argument  -Qunused-arguments  conftest.c >&5
configure:16399: $? = 0
configure:16408: result: yes
configure:16421: : CFLAGS="$CFLAGS $flag"
configure:16424: $? = 0
configure:16380: checking whether C compiler accepts -Wno-unused-local-typedef
configure:16399: clang -c -g -O2 -Wall -Wno-unused-command-line-argument -Qunused-arguments  -Wno-unused-local-typedef  conftest.c >&5
configure:16399: $? = 0
configure:16408: result: yes
configure:16421: : CFLAGS="$CFLAGS $flag"
configure:16424: $? = 0
configure:16380: checking whether C compiler accepts -Wno-unknown-warning-option
configure:16399: clang -c -g -O2 -Wall -Wno-unused-command-line-argument -Qunused-arguments -Wno-unused-local-typedef  -Wno-unknown-warning-option  conftest.c >&5
configure:16399: $? = 0
configure:16408: result: yes
configure:16421: : CFLAGS="$CFLAGS $flag"
configure:16424: $? = 0
configure:16380: checking whether C compiler accepts -Werror=unused-result
configure:16399: clang -c -g -O2 -Wall -Wno-unused-command-line-argument -Qunused-arguments -Wno-unused-local-typedef -Wno-unknown-warning-option  -Werror=unused-result  conftest.c >&5
configure:16399: $? = 0
configure:16408: result: yes
configure:16421: : CFLAGS="$CFLAGS $flag"
configure:16424: $? = 0
configure:16778: checking for clang-format-5.0
configure:16808: result: no
configure:16778: checking for clang-format
configure:16808: result: no
configure:16837: checking for valgrind
configure:16867: result: no
configure:16873: checking whether to enable Valgrind on the unit tests
configure:16894: result: yes
configure:17133: checking for pkg-config
configure:17151: found /usr/local/bin/pkg-config
configure:17163: result: /usr/local/bin/pkg-config
configure:17188: checking pkg-config is at least version 0.9.0
configure:17191: result: yes
configure:17201: checking for sqlite3 >= 3.8.0
configure:17208: $PKG_CONFIG --exists --print-errors "sqlite3 >= 3.8.0"
configure:17211: $? = 0
configure:17225: $PKG_CONFIG --exists --print-errors "sqlite3 >= 3.8.0"
configure:17228: $? = 0
configure:17266: result: yes
configure:17287: checking for libsodium >= 1.0.13
configure:17294: $PKG_CONFIG --exists --print-errors "libsodium >= 1.0.13"
configure:17297: $? = 0
configure:17311: $PKG_CONFIG --exists --print-errors "libsodium >= 1.0.13"
configure:17314: $? = 0
configure:17352: result: yes
configure:17621: checking for xdrc
configure:17672: result: $(top_builddir)/lib/xdrpp/xdrc/xdrc$(EXEEXT)
configure:17803: checking for libpq
configure:17810: $PKG_CONFIG --exists --print-errors "libpq"
configure:17813: $? = 0
configure:17827: $PKG_CONFIG --exists --print-errors "libpq"
configure:17830: $? = 0
configure:17888: result: yes
configure:18032: checking that generated files are newer than configure
configure:18038: result: done
configure:18097: creating ./config.status

## ---------------------- ##
## Running config.status. ##
## ---------------------- ##

This file was extended by stellar-core config.status 0.1, which was
generated by GNU Autoconf 2.69.  Invocation command line was

  CONFIG_FILES    = 
  CONFIG_HEADERS  = 
  CONFIG_LINKS    = 
  CONFIG_COMMANDS = 
  $ ./config.status 

on exceltior.local

config.status:1270: creating lib/Makefile
config.status:1270: creating src/Makefile
config.status:1270: creating Makefile
config.status:1270: creating config.h
config.status:1499: executing depfiles commands
config.status:1499: executing libtool commands
configure:20574: === configuring in lib/libsodium (/Users/exceltior/stellar_clone/lib/libsodium)
configure:20637: running /bin/sh ./configure --disable-option-checking '--prefix=/usr/local'  '--disable-silent-rules' '--disable-shared' 'CC=clang' 'CXX=clang++' --cache-file=/dev/null --srcdir=.
configure:20574: === configuring in lib/xdrpp (/Users/exceltior/stellar_clone/lib/xdrpp)
configure:20637: running /bin/sh ./configure --disable-option-checking '--prefix=/usr/local'  '--disable-silent-rules' '--disable-shared' 'CC=clang' 'CXX=clang++' --cache-file=/dev/null --srcdir=.

## ---------------- ##
## Cache variables. ##
## ---------------- ##

ac_cv_build=x86_64-apple-darwin17.4.0
ac_cv_c_compiler_gnu=yes
ac_cv_cxx_compiler_gnu=yes
ac_cv_env_CCC_set=
ac_cv_env_CCC_value=
ac_cv_env_CC_set=
ac_cv_env_CC_value=
ac_cv_env_CFLAGS_set=
ac_cv_env_CFLAGS_value=
ac_cv_env_CPPFLAGS_set=
ac_cv_env_CPPFLAGS_value=
ac_cv_env_CPP_set=
ac_cv_env_CPP_value=
ac_cv_env_CXXCPP_set=
ac_cv_env_CXXCPP_value=
ac_cv_env_CXXFLAGS_set=
ac_cv_env_CXXFLAGS_value=
ac_cv_env_CXX_set=
ac_cv_env_CXX_value=
ac_cv_env_LDFLAGS_set=
ac_cv_env_LDFLAGS_value=
ac_cv_env_LIBS_set=
ac_cv_env_LIBS_value=
ac_cv_env_LT_SYS_LIBRARY_PATH_set=
ac_cv_env_LT_SYS_LIBRARY_PATH_value=
ac_cv_env_PKG_CONFIG_LIBDIR_set=
ac_cv_env_PKG_CONFIG_LIBDIR_value=
ac_cv_env_PKG_CONFIG_PATH_set=
ac_cv_env_PKG_CONFIG_PATH_value=
ac_cv_env_PKG_CONFIG_set=
ac_cv_env_PKG_CONFIG_value=
ac_cv_env_build_alias_set=
ac_cv_env_build_alias_value=
ac_cv_env_host_alias_set=
ac_cv_env_host_alias_value=
ac_cv_env_libmedida_CFLAGS_set=
ac_cv_env_libmedida_CFLAGS_value=
ac_cv_env_libmedida_LIBS_set=
ac_cv_env_libmedida_LIBS_value=
ac_cv_env_libpq_CFLAGS_set=
ac_cv_env_libpq_CFLAGS_value=
ac_cv_env_libpq_LIBS_set=
ac_cv_env_libpq_LIBS_value=
ac_cv_env_libsodium_CFLAGS_set=
ac_cv_env_libsodium_CFLAGS_value=
ac_cv_env_libsodium_LIBS_set=
ac_cv_env_libsodium_LIBS_value=
ac_cv_env_sqlite3_CFLAGS_set=
ac_cv_env_sqlite3_CFLAGS_value=
ac_cv_env_sqlite3_LIBS_set=
ac_cv_env_sqlite3_LIBS_value=
ac_cv_env_target_alias_set=
ac_cv_env_target_alias_value=
ac_cv_env_xdrpp_CFLAGS_set=
ac_cv_env_xdrpp_CFLAGS_value=
ac_cv_env_xdrpp_LIBS_set=
ac_cv_env_xdrpp_LIBS_value=
ac_cv_header_dlfcn_h=yes
ac_cv_header_inttypes_h=yes
ac_cv_header_memory_h=yes
ac_cv_header_stdc=yes
ac_cv_header_stdint_h=yes
ac_cv_header_stdlib_h=yes
ac_cv_header_string_h=yes
ac_cv_header_strings_h=yes
ac_cv_header_sys_stat_h=yes
ac_cv_header_sys_types_h=yes
ac_cv_header_unistd_h=yes
ac_cv_host=x86_64-apple-darwin17.4.0
ac_cv_objext=o
ac_cv_path_EGREP='/usr/bin/grep -E'
ac_cv_path_FGREP='/usr/bin/grep -F'
ac_cv_path_GREP=/usr/bin/grep
ac_cv_path_SED=/usr/bin/sed
ac_cv_path_ac_pt_PKG_CONFIG=/usr/local/bin/pkg-config
ac_cv_path_install='/usr/bin/install -c'
ac_cv_path_lt_DD=/bin/dd
ac_cv_prog_AWK=awk
ac_cv_prog_CPP='clang -E'
ac_cv_prog_CXXCPP='clang++ -E'
ac_cv_prog_ac_ct_AR=ar
ac_cv_prog_ac_ct_CC=clang
ac_cv_prog_ac_ct_CXX=clang++
ac_cv_prog_ac_ct_DSYMUTIL=dsymutil
ac_cv_prog_ac_ct_LIPO=lipo
ac_cv_prog_ac_ct_NMEDIT=nmedit
ac_cv_prog_ac_ct_OBJDUMP=objdump
ac_cv_prog_ac_ct_OTOOL=otool
ac_cv_prog_ac_ct_RANLIB=ranlib
ac_cv_prog_ac_ct_STRIP=strip
ac_cv_prog_cc_c89=
ac_cv_prog_cc_g=yes
ac_cv_prog_cxx_g=yes
ac_cv_prog_make_make_set=yes
am_cv_CC_dependencies_compiler_type=gcc3
am_cv_CXX_dependencies_compiler_type=gcc3
am_cv_ar_interface=ar
am_cv_make_support_nested_variables=yes
am_cv_prog_cc_c_o=yes
am_cv_prog_tar_ustar=gnutar
ax_cv_check_cflags___Qunused_arguments=yes
ax_cv_check_cflags___Wall=yes
ax_cv_check_cflags___Werror_unused_result=yes
ax_cv_check_cflags___Wno_unknown_warning_option=yes
ax_cv_check_cflags___Wno_unused_command_line_argument=yes
ax_cv_check_cflags___Wno_unused_local_typedef=yes
ax_cv_check_cxxflags__=yes
ax_cv_check_cxxflags___Qunused_arguments=yes
ax_cv_check_cxxflags___Wall=yes
ax_cv_check_cxxflags___Werror_unused_result=yes
ax_cv_check_cxxflags___Wno_unknown_warning_option=yes
ax_cv_check_cxxflags___Wno_unused_command_line_argument=yes
ax_cv_check_cxxflags___Wno_unused_local_typedef=yes
ax_cv_check_cxxflags___pthread=yes
ax_cv_cxx_compile_cxx11=no
ax_cv_cxx_compile_cxx11__std_cpp11=yes
lt_cv_apple_cc_single_mod=yes
lt_cv_ar_at_file=no
lt_cv_deplibs_check_method=pass_all
lt_cv_file_magic_cmd='$MAGIC_CMD'
lt_cv_file_magic_test_file=
lt_cv_ld_exported_symbols_list=yes
lt_cv_ld_force_load=yes
lt_cv_ld_reload_flag=-r
lt_cv_nm_interface='BSD nm'
lt_cv_objdir=.libs
lt_cv_path_LD=/Library/Developer/CommandLineTools/usr/bin/ld
lt_cv_path_LDCXX=/Library/Developer/CommandLineTools/usr/bin/ld
lt_cv_path_NM='/usr/bin/nm -B'
lt_cv_path_mainfest_tool=no
lt_cv_prog_compiler_c_o=yes
lt_cv_prog_compiler_c_o_CXX=yes
lt_cv_prog_compiler_pic='-fno-common -DPIC'
lt_cv_prog_compiler_pic_CXX='-fno-common -DPIC'
lt_cv_prog_compiler_pic_works=yes
lt_cv_prog_compiler_pic_works_CXX=yes
lt_cv_prog_compiler_rtti_exceptions=yes
lt_cv_prog_compiler_static_works=no
lt_cv_prog_compiler_static_works_CXX=no
lt_cv_prog_gnu_ld=no
lt_cv_prog_gnu_ldcxx=no
lt_cv_sharedlib_from_linklib_cmd='printf %s\n'
lt_cv_sys_global_symbol_pipe='sed -n -e '\''s/^.*[	 ]\([BCDEGRST][BCDEGRST]*\)[	 ][	 ]*_\([_A-Za-z][_A-Za-z0-9]*\)$/\1 _\2 \2/p'\'' | sed '\''/ __gnu_lto/d'\'''
lt_cv_sys_global_symbol_to_c_name_address='sed -n -e '\''s/^: \(.*\) .*$/  {"\1", (void *) 0},/p'\'' -e '\''s/^[BCDEGRST][BCDEGRST]* .* \(.*\)$/  {"\1", (void *) \&\1},/p'\'''
lt_cv_sys_global_symbol_to_c_name_address_lib_prefix='sed -n -e '\''s/^: \(.*\) .*$/  {"\1", (void *) 0},/p'\'' -e '\''s/^[BCDEGRST][BCDEGRST]* .* \(lib.*\)$/  {"\1", (void *) \&\1},/p'\'' -e '\''s/^[BCDEGRST][BCDEGRST]* .* \(.*\)$/  {"lib\1", (void *) \&\1},/p'\'''
lt_cv_sys_global_symbol_to_cdecl='sed -n -e '\''s/^T .* \(.*\)$/extern int \1();/p'\'' -e '\''s/^[BCDEGRST][BCDEGRST]* .* \(.*\)$/extern char \1;/p'\'''
lt_cv_sys_global_symbol_to_import=
lt_cv_sys_max_cmd_len=196608
lt_cv_to_host_file_cmd=func_convert_file_noop
lt_cv_to_tool_file_cmd=func_convert_file_noop
lt_cv_truncate_bin='/bin/dd bs=4096 count=1'
pkg_cv_libpq_CFLAGS=-I/Applications/Xcode.app/Contents/Developer/Platforms/MacOSX.platform/Developer/SDKs/MacOSX10.13.Internal.sdk/usr/local/include
pkg_cv_libpq_LIBS=-lpq
pkg_cv_libsodium_CFLAGS=-I/usr/local/Cellar/libsodium/1.0.16/include
pkg_cv_libsodium_LIBS='-L/usr/local/Cellar/libsodium/1.0.16/lib -lsodium'
pkg_cv_sqlite3_CFLAGS=
pkg_cv_sqlite3_LIBS=-lsqlite3

## ----------------- ##
## Output variables. ##
## ----------------- ##












			$(MAKE) $(AM_MAKEFLAGS) -k check-valgrind-tool VALGRIND_TOOL=$(tool); \
		$(if $(VALGRIND_HAVE_TOOL_$(tool))$(VALGRIND_HAVE_TOOL_exp_$(tool)), \
		) \
		LOG_COMPILER="$(VALGRIND_LOG_COMPILER)" \
		LOG_FLAGS="$(valgrind_$(VALGRIND_TOOL)_flags)" \
		TESTS_ENVIRONMENT="$(VALGRIND_TESTS_ENVIRONMENT)" \
		TEST_SUITE_LOG=test-suite-$(VALGRIND_TOOL).log
	$(MAKE) check-TESTS \
	$(TESTS_ENVIRONMENT) \
	$(VALGRIND) $(VALGRIND_SUPPRESSIONS) --error-exitcode=1 $(VALGRIND_FLAGS)
	)
	-$(foreach tool,$(valgrind_tools), \
	@echo "Need to reconfigure with --enable-valgrind"
	@echo "Need to reconfigure with --enable-valgrind"
	G_DEBUG=fatal-warnings,fatal-criticals,gc-friendly
	G_SLICE=always-malloc,debug-blocks \
	env VALGRIND=$(VALGRIND) \
#
#    (Default: --num-callers=30)
#    files to load. (Default: empty)
#    memcheck, helgrind, drd, sgcheck). (Default: various)
#  - VALGRIND_$toolname_FLAGS: Flags to pass to Valgrind $toolname (one of:
#  - VALGRIND_FLAGS: General flags to pass to all Valgrind tools.
#  - VALGRIND_SUPPRESSIONS_FILES: Space-separated list of Valgrind suppressions
# Internal use
# Optional variables
# Optional:
# Use recursive makes in order to ignore errors during check
# Valgrind check
# Valgrind running
'
.PHONY: check-valgrind check-valgrind-tool
ACLOCAL='${SHELL} /Users/exceltior/stellar_clone/missing aclocal-1.15'
AFL_CLANG=''
AFL_CLANGPP=''
AFL_FUZZ=''
AFL_GCC=''
AFL_GPP=''
AMDEPBACKSLASH='\'
AMDEP_FALSE='#'
AMDEP_TRUE=''
AMTAR='$${TAR-tar}'
AM_BACKSLASH='\'
AM_DEFAULT_V='$(AM_DEFAULT_VERBOSITY)'
AM_DEFAULT_VERBOSITY='1'
AM_V='$(V)'
AR='ar'
AUTOCONF='${SHELL} /Users/exceltior/stellar_clone/missing autoconf'
AUTOHEADER='${SHELL} /Users/exceltior/stellar_clone/missing autoheader'
AUTOMAKE='${SHELL} /Users/exceltior/stellar_clone/missing automake-1.15'
AWK='awk'
CC='clang'
CCACHE=''
CCDEPMODE='depmode=gcc3'
CFLAGS='-g -O2 -Wall -Wno-unused-command-line-argument -Qunused-arguments -Wno-unused-local-typedef -Wno-unknown-warning-option -Werror=unused-result'
CLANG_FORMAT=''
CPP='clang -E'
CPPFLAGS=''
CXX='clang++'
CXXCPP='clang++ -E'
CXXDEPMODE='depmode=gcc3'
CXXFLAGS='-g -O2 -std=c++11  -pthread -Wall -Wno-unused-command-line-argument -Qunused-arguments -Wno-unused-local-typedef -Wno-unknown-warning-option -Werror=unused-result'
CYGPATH_W='echo'
DEFS='-DHAVE_CONFIG_H'
DEPDIR='.deps'
DISTCHECK_CONFIGURE_FLAGS += --disable-valgrind
DISTCHECK_CONFIGURE_FLAGS ?=
DLLTOOL='false'
DSYMUTIL='dsymutil'
DUMPBIN=''
ECHO_C='\c'
ECHO_N=''
ECHO_T=''
EGREP='/usr/bin/grep -E'
EXEEXT=''
FGREP='/usr/bin/grep -F'
GREP='/usr/bin/grep'
HAVE_CXX11=''
INSTALL_DATA='${INSTALL} -m 644'
INSTALL_PROGRAM='${INSTALL}'
INSTALL_SCRIPT='${INSTALL}'
INSTALL_STRIP_PROGRAM='$(install_sh) -c -s'
LD='/Library/Developer/CommandLineTools/usr/bin/ld'
LDFLAGS=''
LIBMEDIDA_INTERNAL_FALSE='#'
LIBMEDIDA_INTERNAL_TRUE=''
LIBOBJS=''
LIBS=''
LIBSODIUM_INTERNAL_FALSE='#'
LIBSODIUM_INTERNAL_TRUE=''
LIBTOOL='$(SHELL) $(top_builddir)/libtool'
LIBTOOL_DEPS='./ltmain.sh'
LIPO='lipo'
LN_S='ln -s'
LTLIBOBJS=''
LT_SYS_LIBRARY_PATH=''
MAKEINFO='${SHELL} /Users/exceltior/stellar_clone/missing makeinfo'
MANIFEST_TOOL=':'
MKDIR_P='./install-sh -c -d'
MOSTLYCLEANFILES += $(valgrind_log_files)
MOSTLYCLEANFILES ?=
NM='/usr/bin/nm -B'
NMEDIT='nmedit'
OBJDUMP='objdump'
OBJEXT='o'
OTOOL64=':'
OTOOL='otool'
PACKAGE='stellar-core'
PACKAGE_BUGREPORT=''
PACKAGE_NAME='stellar-core'
PACKAGE_STRING='stellar-core 0.1'
PACKAGE_TARNAME='stellar-core'
PACKAGE_URL='http://www.stellar.org'
PACKAGE_VERSION='0.1'
PATH_SEPARATOR=':'
PKGCONFIG_SUBDIRS=' $(top_builddir)/lib/libsodium $(top_builddir)/lib/xdrpp'
PKG_CONFIG='/usr/local/bin/pkg-config'
PKG_CONFIG_LIBDIR=''
PKG_CONFIG_PATH=''
RANLIB='ranlib'
SED='/usr/bin/sed'
SET_MAKE=''
SHELL='/bin/sh'
SQLITE3_INTERNAL_FALSE=''
SQLITE3_INTERNAL_TRUE='#'
STRIP='strip'
USE_AFL_FUZZ_FALSE=''
USE_AFL_FUZZ_TRUE='#'
USE_CLANG_FORMAT_FALSE=''
USE_CLANG_FORMAT_TRUE='#'
USE_POSTGRES_FALSE='#'
USE_POSTGRES_TRUE=''
VALGRIND=''
VALGRIND_CHECK_RULES='
VALGRIND_ENABLED='yes'
VALGRIND_ENABLED_FALSE='#'
VALGRIND_ENABLED_TRUE=''
VALGRIND_FLAGS ?= --num-callers=30
VALGRIND_HAVE_TOOL_drd=''
VALGRIND_HAVE_TOOL_exp_sgcheck=''
VALGRIND_HAVE_TOOL_helgrind=''
VALGRIND_HAVE_TOOL_memcheck=''
VALGRIND_LOG_COMPILER = \
VALGRIND_SUPPRESSIONS ?= $(addprefix --suppressions=,$(VALGRIND_SUPPRESSIONS_FILES))
VALGRIND_TESTS_ENVIRONMENT = \
VALGRIND_drd_FLAGS ?=
VALGRIND_helgrind_FLAGS ?= --history-level=approx
VALGRIND_memcheck_FLAGS ?= --leak-check=full --show-reachable=no
VALGRIND_sgcheck_FLAGS ?=
VERSION='0.1'
XDRC='$(top_builddir)/lib/xdrpp/xdrc/xdrc$(EXEEXT)'
XDRPP_INTERNAL_FALSE='#'
XDRPP_INTERNAL_TRUE=''
ac_ct_AR='ar'
ac_ct_CC='clang'
ac_ct_CXX='clang++'
ac_ct_DUMPBIN=''
am__EXEEXT_FALSE=''
am__EXEEXT_TRUE='#'
am__fastdepCC_FALSE='#'
am__fastdepCC_TRUE=''
am__fastdepCXX_FALSE='#'
am__fastdepCXX_TRUE=''
am__include='include'
am__isrc=''
am__leading_dot='.'
am__nodep='_no'
am__quote=''
am__tar='tar --format=ustar -chf - "$$tardir"'
am__untar='tar -xf -'
bindir='${exec_prefix}/bin'
build='x86_64-apple-darwin17.4.0'
build_alias=''
build_cpu='x86_64'
build_os='darwin17.4.0'
build_vendor='apple'
check-valgrind-tool:
check-valgrind:
datadir='${datarootdir}'
datarootdir='${prefix}/share'
docdir='${datarootdir}/doc/${PACKAGE_TARNAME}'
dvidir='${docdir}'
else
else
endif
endif
exec_prefix='${prefix}'
host='x86_64-apple-darwin17.4.0'
host_alias=''
host_cpu='x86_64'
host_os='darwin17.4.0'
host_vendor='apple'
htmldir='${docdir}'
ifeq ($(VALGRIND_ENABLED),yes)
ifeq ($(VALGRIND_ENABLED),yes)
includedir='${prefix}/include'
infodir='${datarootdir}/info'
install_sh='${SHELL} /Users/exceltior/stellar_clone/install-sh'
libdir='${exec_prefix}/lib'
libexecdir='${exec_prefix}/libexec'
libmedida_CFLAGS='-I$(top_srcdir)/lib/libmedida/src'
libmedida_LIBS='$(top_builddir)/lib/libmedida.a'
libpq_CFLAGS='-I/Applications/Xcode.app/Contents/Developer/Platforms/MacOSX.platform/Developer/SDKs/MacOSX10.13.Internal.sdk/usr/local/include'
libpq_LIBS='-lpq'
libsodium_CFLAGS='-I$(abs_top_builddir)/lib/libsodium/src/libsodium/include -I$(top_srcdir)/lib/libsodium/src/libsodium/include -I$(top_srcdir)/lib/libsodium/src/libsodium/include/sodium'
libsodium_LIBS='$(top_builddir)/lib/libsodium/src/libsodium/libsodium.la'
localedir='${datarootdir}/locale'
localstatedir='${prefix}/var'
mandir='${datarootdir}/man'
mkdir_p='$(MKDIR_P)'
oldincludedir='/usr/include'
pdfdir='${docdir}'
prefix='/usr/local'
program_transform_name='s,x,x,'
psdir='${docdir}'
sbindir='${exec_prefix}/sbin'
sharedstatedir='${prefix}/com'
soci_CFLAGS='-I$(top_srcdir)/lib/soci/src/core -I$(top_srcdir)/lib/soci/src/backends/sqlite3 -I$(top_srcdir)/lib/soci/src/backends/postgresql'
soci_LIBS='$(top_builddir)/lib/libsoci.a'
sqlite3_CFLAGS=''
sqlite3_LIBS='-lsqlite3'
subdirs=' lib/libsodium lib/xdrpp'
sysconfdir='${prefix}/etc'
target_alias=''
valgrind_drd_flags = --tool=drd $(VALGRIND_drd_FLAGS)
valgrind_helgrind_flags = --tool=helgrind $(VALGRIND_helgrind_FLAGS)
valgrind_log_files = $(addprefix test-suite-,$(addsuffix .log,$(valgrind_tools)))
valgrind_memcheck_flags = --tool=memcheck $(VALGRIND_memcheck_FLAGS)
valgrind_quiet = $(valgrind_quiet_$(V))
valgrind_quiet_ = $(valgrind_quiet_$(AM_DEFAULT_VERBOSITY))
valgrind_quiet_0 = --quiet
valgrind_sgcheck_flags = --tool=exp-sgcheck $(VALGRIND_sgcheck_FLAGS)
valgrind_tools = memcheck helgrind drd sgcheck
xdrpp_CFLAGS='-I$(abs_top_srcdir)/lib/xdrpp -I$(abs_top_builddir)/lib/xdrpp'
xdrpp_LIBS='$(abs_top_builddir)/lib/xdrpp/xdrpp/libxdrpp.a'

## ----------- ##
## confdefs.h. ##
## ----------- ##

/* confdefs.h */
#define PACKAGE_NAME "stellar-core"
#define PACKAGE_TARNAME "stellar-core"
#define PACKAGE_VERSION "0.1"
#define PACKAGE_STRING "stellar-core 0.1"
#define PACKAGE_BUGREPORT ""
#define PACKAGE_URL "http://www.stellar.org"
#define PACKAGE "stellar-core"
#define VERSION "0.1"
#define STDC_HEADERS 1
#define HAVE_SYS_TYPES_H 1
#define HAVE_SYS_STAT_H 1
#define HAVE_STDLIB_H 1
#define HAVE_STRING_H 1
#define HAVE_MEMORY_H 1
#define HAVE_STRINGS_H 1
#define HAVE_INTTYPES_H 1
#define HAVE_STDINT_H 1
#define HAVE_UNISTD_H 1
#define HAVE_DLFCN_H 1
#define LT_OBJDIR ".libs/"

configure: exit 0
